# JRE version: OpenJDK Runtime Environment (17.0.15+6) (build 17.0.15+6-Ubuntu-0ubuntu124.04)
# Java VM: OpenJDK 64-Bit Server VM (17.0.15+6-Ubuntu-0ubuntu124.04, mixed mode, sharing, tiered, compressed oops, compressed class ptrs, g1 gc, linux-amd64)
GC Precious Log:
 CPUs: 12 total, 12 available
 Memory: 15387M
 Large Page Support: Disabled
 NUMA Support: Disabled
 Compressed Oops: Enabled (Zero based)
 Heap Region Size: 2M
 Heap Min Capacity: 8M
 Heap Initial Capacity: 242M
 Heap Max Capacity: 3848M
 Pre-touch: Disabled
 Parallel Workers: 10
 Concurrent Workers: 3
 Concurrent Refinement Workers: 10
 Periodic GC: Disabled
Heap:
 garbage-first heap   total 55296K, used 30072K [0x000000070f800000, 0x0000000800000000)
  region size 2048K, 5 young (10240K), 1 survivors (2048K)
 Metaspace       used 27419K, committed 27776K, reserved 1114112K
  class space    used 3787K, committed 3968K, reserved 1048576K
GC Heap History (8 events):
Event: 0.405 GC heap before
{Heap before GC invocations=0 (full 0):
 garbage-first heap   total 251904K, used 24500K [0x000000070f800000, 0x0000000800000000)
  region size 2048K, 11 young (22528K), 0 survivors (0K)
 Metaspace       used 8195K, committed 8448K, reserved 1114112K
  class space    used 967K, committed 1088K, reserved 1048576K
}
Event: 0.408 GC heap after
{Heap after GC invocations=1 (full 0):
 garbage-first heap   total 251904K, used 6039K [0x000000070f800000, 0x0000000800000000)
  region size 2048K, 2 young (4096K), 2 survivors (4096K)
 Metaspace       used 8195K, committed 8448K, reserved 1114112K
  class space    used 967K, committed 1088K, reserved 1048576K
}
Event: 0.948 GC heap before
{Heap before GC invocations=1 (full 0):
 garbage-first heap   total 251904K, used 46999K [0x000000070f800000, 0x0000000800000000)
  region size 2048K, 23 young (47104K), 2 survivors (4096K)
 Metaspace       used 21275K, committed 21504K, reserved 1114112K
  class space    used 2921K, committed 3008K, reserved 1048576K
}
Event: 0.953 GC heap after
{Heap after GC invocations=2 (full 0):
 garbage-first heap   total 251904K, used 10295K [0x000000070f800000, 0x0000000800000000)
  region size 2048K, 4 young (8192K), 4 survivors (8192K)
 Metaspace       used 21275K, committed 21504K, reserved 1114112K
  class space    used 2921K, committed 3008K, reserved 1048576K
}
Event: 10.671 GC heap before
{Heap before GC invocations=3 (full 0):
 garbage-first heap   total 55296K, used 36919K [0x000000070f800000, 0x0000000800000000)
  region size 2048K, 13 young (26624K), 4 survivors (8192K)
 Metaspace       used 25798K, committed 26048K, reserved 1114112K
  class space    used 3461K, committed 3584K, reserved 1048576K
}
Event: 10.677 GC heap after
{Heap after GC invocations=4 (full 0):
 garbage-first heap   total 55296K, used 23390K [0x000000070f800000, 0x0000000800000000)
  region size 2048K, 2 young (4096K), 2 survivors (4096K)
 Metaspace       used 25798K, committed 26048K, reserved 1114112K
  class space    used 3461K, committed 3584K, reserved 1048576K
}
Event: 10.698 GC heap before
{Heap before GC invocations=4 (full 0):
 garbage-first heap   total 55296K, used 25438K [0x000000070f800000, 0x0000000800000000)
  region size 2048K, 3 young (6144K), 2 survivors (4096K)
 Metaspace       used 26258K, committed 26560K, reserved 1114112K
  class space    used 3554K, committed 3712K, reserved 1048576K
}
Event: 10.699 GC heap after
{Heap after GC invocations=5 (full 0):
 garbage-first heap   total 55296K, used 23928K [0x000000070f800000, 0x0000000800000000)
  region size 2048K, 1 young (2048K), 1 survivors (2048K)
 Metaspace       used 26258K, committed 26560K, reserved 1114112K
  class space    used 3554K, committed 3712K, reserved 1048576K
}

