# JRE version: OpenJDK Runtime Environment (17.0.15+6) (build 17.0.15+6-Ubuntu-0ubuntu124.04)
# Java VM: OpenJDK 64-Bit Server VM (17.0.15+6-Ubuntu-0ubuntu124.04, mixed mode, sharing, tiered, compressed oops, compressed class ptrs, g1 gc, linux-amd64)
GC Precious Log:
 CPUs: 12 total, 12 available
 Memory: 15387M
 Large Page Support: Disabled
 NUMA Support: Disabled
 Compressed Oops: Enabled (Zero based)
 Heap Region Size: 2M
 Heap Min Capacity: 8M
 Heap Initial Capacity: 242M
 Heap Max Capacity: 3848M
 Pre-touch: Disabled
 Parallel Workers: 10
 Concurrent Workers: 3
 Concurrent Refinement Workers: 10
 Periodic GC: Disabled
Heap:
 garbage-first heap   total 55296K, used 27993K [0x000000070f800000, 0x0000000800000000)
  region size 2048K, 2 young (4096K), 1 survivors (2048K)
 Metaspace       used 27687K, committed 28032K, reserved 1114112K
  class space    used 3789K, committed 3968K, reserved 1048576K
GC Heap History (10 events):
Event: 0.560 GC heap before
{Heap before GC invocations=0 (full 0):
 garbage-first heap   total 251904K, used 24500K [0x000000070f800000, 0x0000000800000000)
  region size 2048K, 11 young (22528K), 0 survivors (0K)
 Metaspace       used 8651K, committed 8832K, reserved 1114112K
  class space    used 996K, committed 1088K, reserved 1048576K
}
Event: 0.564 GC heap after
{Heap after GC invocations=1 (full 0):
 garbage-first heap   total 251904K, used 6135K [0x000000070f800000, 0x0000000800000000)
  region size 2048K, 2 young (4096K), 2 survivors (4096K)
 Metaspace       used 8651K, committed 8832K, reserved 1114112K
  class space    used 996K, committed 1088K, reserved 1048576K
}
Event: 1.211 GC heap before
{Heap before GC invocations=1 (full 0):
 garbage-first heap   total 251904K, used 45047K [0x000000070f800000, 0x0000000800000000)
  region size 2048K, 22 young (45056K), 2 survivors (4096K)
 Metaspace       used 21267K, committed 21504K, reserved 1114112K
  class space    used 2918K, committed 3072K, reserved 1048576K
}
Event: 1.216 GC heap after
{Heap after GC invocations=2 (full 0):
 garbage-first heap   total 251904K, used 10618K [0x000000070f800000, 0x0000000800000000)
  region size 2048K, 3 young (6144K), 3 survivors (6144K)
 Metaspace       used 21267K, committed 21504K, reserved 1114112K
  class space    used 2918K, committed 3072K, reserved 1048576K
}
Event: 15.142 GC heap before
{Heap before GC invocations=3 (full 0):
 garbage-first heap   total 55296K, used 39290K [0x000000070f800000, 0x0000000800000000)
  region size 2048K, 13 young (26624K), 3 survivors (6144K)
 Metaspace       used 26311K, committed 26624K, reserved 1114112K
  class space    used 3552K, committed 3712K, reserved 1048576K
}
Event: 15.150 GC heap after
{Heap after GC invocations=4 (full 0):
 garbage-first heap   total 55296K, used 23949K [0x000000070f800000, 0x0000000800000000)
  region size 2048K, 2 young (4096K), 2 survivors (4096K)
 Metaspace       used 26311K, committed 26624K, reserved 1114112K
  class space    used 3552K, committed 3712K, reserved 1048576K
}
Event: 15.211 GC heap before
{Heap before GC invocations=4 (full 0):
 garbage-first heap   total 55296K, used 25997K [0x000000070f800000, 0x0000000800000000)
  region size 2048K, 3 young (6144K), 2 survivors (4096K)
 Metaspace       used 26765K, committed 27072K, reserved 1114112K
  class space    used 3650K, committed 3840K, reserved 1048576K
}
Event: 15.216 GC heap after
{Heap after GC invocations=5 (full 0):
 garbage-first heap   total 55296K, used 24013K [0x000000070f800000, 0x0000000800000000)
  region size 2048K, 1 young (2048K), 1 survivors (2048K)
 Metaspace       used 26765K, committed 27072K, reserved 1114112K
  class space    used 3650K, committed 3840K, reserved 1048576K
}
Event: 15.580 GC heap before
{Heap before GC invocations=5 (full 0):
 garbage-first heap   total 55296K, used 36301K [0x000000070f800000, 0x0000000800000000)
  region size 2048K, 7 young (14336K), 1 survivors (2048K)
 Metaspace       used 27525K, committed 27776K, reserved 1114112K
  class space    used 3776K, committed 3904K, reserved 1048576K
}
Event: 15.587 GC heap after
{Heap after GC invocations=6 (full 0):
 garbage-first heap   total 55296K, used 27993K [0x000000070f800000, 0x0000000800000000)
  region size 2048K, 1 young (2048K), 1 survivors (2048K)
 Metaspace       used 27525K, committed 27776K, reserved 1114112K
  class space    used 3776K, committed 3904K, reserved 1048576K
}

