# JRE version: OpenJDK Runtime Environment (17.0.15+6) (build 17.0.15+6-Ubuntu-0ubuntu124.04)
# Java VM: OpenJDK 64-Bit Server VM (17.0.15+6-Ubuntu-0ubuntu124.04, mixed mode, sharing, tiered, compressed oops, compressed class ptrs, g1 gc, linux-amd64)
GC Precious Log:
 CPUs: 12 total, 12 available
 Memory: 15387M
 Large Page Support: Disabled
 NUMA Support: Disabled
 Compressed Oops: Enabled (Zero based)
 Heap Region Size: 2M
 Heap Min Capacity: 8M
 Heap Initial Capacity: 242M
 Heap Max Capacity: 3848M
 Pre-touch: Disabled
 Parallel Workers: 10
 Concurrent Workers: 3
 Concurrent Refinement Workers: 10
 Periodic GC: Disabled
Heap:
 garbage-first heap   total 55296K, used 28870K [0x000000070f800000, 0x0000000800000000)
  region size 2048K, 6 young (12288K), 1 survivors (2048K)
 Metaspace       used 26129K, committed 26432K, reserved 1114112K
  class space    used 3516K, committed 3648K, reserved 1048576K
GC Heap History (8 events):
Event: 0.408 GC heap before
{Heap before GC invocations=0 (full 0):
 garbage-first heap   total 251904K, used 24500K [0x000000070f800000, 0x0000000800000000)
  region size 2048K, 11 young (22528K), 0 survivors (0K)
 Metaspace       used 8216K, committed 8448K, reserved 1114112K
  class space    used 951K, committed 1024K, reserved 1048576K
}
Event: 0.411 GC heap after
{Heap after GC invocations=1 (full 0):
 garbage-first heap   total 251904K, used 6068K [0x000000070f800000, 0x0000000800000000)
  region size 2048K, 2 young (4096K), 2 survivors (4096K)
 Metaspace       used 8216K, committed 8448K, reserved 1114112K
  class space    used 951K, committed 1024K, reserved 1048576K
}
Event: 0.927 GC heap before
{Heap before GC invocations=1 (full 0):
 garbage-first heap   total 251904K, used 47028K [0x000000070f800000, 0x0000000800000000)
  region size 2048K, 23 young (47104K), 2 survivors (4096K)
 Metaspace       used 21279K, committed 21504K, reserved 1114112K
  class space    used 2919K, committed 3008K, reserved 1048576K
}
Event: 0.931 GC heap after
{Heap after GC invocations=2 (full 0):
 garbage-first heap   total 251904K, used 10321K [0x000000070f800000, 0x0000000800000000)
  region size 2048K, 4 young (8192K), 4 survivors (8192K)
 Metaspace       used 21279K, committed 21504K, reserved 1114112K
  class space    used 2919K, committed 3008K, reserved 1048576K
}
Event: 8.449 GC heap before
{Heap before GC invocations=3 (full 0):
 garbage-first heap   total 55296K, used 38993K [0x000000070f800000, 0x0000000800000000)
  region size 2048K, 9 young (18432K), 4 survivors (8192K)
 Metaspace       used 23393K, committed 23680K, reserved 1114112K
  class space    used 3165K, committed 3328K, reserved 1048576K
}
Event: 8.457 GC heap after
{Heap after GC invocations=4 (full 0):
 garbage-first heap   total 55296K, used 22570K [0x000000070f800000, 0x0000000800000000)
  region size 2048K, 1 young (2048K), 1 survivors (2048K)
 Metaspace       used 23393K, committed 23680K, reserved 1114112K
  class space    used 3165K, committed 3328K, reserved 1048576K
}
Event: 10.464 GC heap before
{Heap before GC invocations=4 (full 0):
 garbage-first heap   total 55296K, used 24618K [0x000000070f800000, 0x0000000800000000)
  region size 2048K, 2 young (4096K), 1 survivors (2048K)
 Metaspace       used 23832K, committed 24128K, reserved 1114112K
  class space    used 3186K, committed 3328K, reserved 1048576K
}
Event: 10.465 GC heap after
{Heap after GC invocations=5 (full 0):
 garbage-first heap   total 55296K, used 22726K [0x000000070f800000, 0x0000000800000000)
  region size 2048K, 1 young (2048K), 1 survivors (2048K)
 Metaspace       used 23832K, committed 24128K, reserved 1114112K
  class space    used 3186K, committed 3328K, reserved 1048576K
}

