# JRE version: OpenJDK Runtime Environment (17.0.15+6) (build 17.0.15+6-Ubuntu-0ubuntu124.04)
# Java VM: OpenJDK 64-Bit Server VM (17.0.15+6-Ubuntu-0ubuntu124.04, mixed mode, sharing, tiered, compressed oops, compressed class ptrs, g1 gc, linux-amd64)
GC Precious Log:
 CPUs: 12 total, 12 available
 Memory: 15387M
 Large Page Support: Disabled
 NUMA Support: Disabled
 Compressed Oops: Enabled (Zero based)
 Heap Region Size: 2M
 Heap Min Capacity: 8M
 Heap Initial Capacity: 242M
 Heap Max Capacity: 3848M
 Pre-touch: Disabled
 Parallel Workers: 10
 Concurrent Workers: 3
 Concurrent Refinement Workers: 10
 Periodic GC: Disabled
Heap:
 garbage-first heap   total 57344K, used 34132K [0x000000070f800000, 0x0000000800000000)
  region size 2048K, 7 young (14336K), 1 survivors (2048K)
 Metaspace       used 28377K, committed 28672K, reserved 1114112K
  class space    used 3931K, committed 4096K, reserved 1048576K
GC Heap History (8 events):
Event: 0.406 GC heap before
{Heap before GC invocations=0 (full 0):
 garbage-first heap   total 251904K, used 24500K [0x000000070f800000, 0x0000000800000000)
  region size 2048K, 11 young (22528K), 0 survivors (0K)
 Metaspace       used 8099K, committed 8320K, reserved 1114112K
  class space    used 960K, committed 1024K, reserved 1048576K
}
Event: 0.409 GC heap after
{Heap after GC invocations=1 (full 0):
 garbage-first heap   total 251904K, used 5836K [0x000000070f800000, 0x0000000800000000)
  region size 2048K, 2 young (4096K), 2 survivors (4096K)
 Metaspace       used 8099K, committed 8320K, reserved 1114112K
  class space    used 960K, committed 1024K, reserved 1048576K
}
Event: 0.954 GC heap before
{Heap before GC invocations=1 (full 0):
 garbage-first heap   total 251904K, used 44748K [0x000000070f800000, 0x0000000800000000)
  region size 2048K, 23 young (47104K), 2 survivors (4096K)
 Metaspace       used 21285K, committed 21504K, reserved 1114112K
  class space    used 2922K, committed 3008K, reserved 1048576K
}
Event: 0.959 GC heap after
{Heap after GC invocations=2 (full 0):
 garbage-first heap   total 251904K, used 10294K [0x000000070f800000, 0x0000000800000000)
  region size 2048K, 4 young (8192K), 4 survivors (8192K)
 Metaspace       used 21285K, committed 21504K, reserved 1114112K
  class space    used 2922K, committed 3008K, reserved 1048576K
}
Event: 14.238 GC heap before
{Heap before GC invocations=3 (full 0):
 garbage-first heap   total 55296K, used 34870K [0x000000070f800000, 0x0000000800000000)
  region size 2048K, 13 young (26624K), 4 survivors (8192K)
 Metaspace       used 25874K, committed 26176K, reserved 1114112K
  class space    used 3423K, committed 3584K, reserved 1048576K
}
Event: 14.243 GC heap after
{Heap after GC invocations=4 (full 0):
 garbage-first heap   total 57344K, used 23287K [0x000000070f800000, 0x0000000800000000)
  region size 2048K, 2 young (4096K), 2 survivors (4096K)
 Metaspace       used 25874K, committed 26176K, reserved 1114112K
  class space    used 3423K, committed 3584K, reserved 1048576K
}
Event: 14.335 GC heap before
{Heap before GC invocations=4 (full 0):
 garbage-first heap   total 57344K, used 25335K [0x000000070f800000, 0x0000000800000000)
  region size 2048K, 3 young (6144K), 2 survivors (4096K)
 Metaspace       used 26132K, committed 26432K, reserved 1114112K
  class space    used 3463K, committed 3584K, reserved 1048576K
}
Event: 14.336 GC heap after
{Heap after GC invocations=5 (full 0):
 garbage-first heap   total 57344K, used 23892K [0x000000070f800000, 0x0000000800000000)
  region size 2048K, 1 young (2048K), 1 survivors (2048K)
 Metaspace       used 26132K, committed 26432K, reserved 1114112K
  class space    used 3463K, committed 3584K, reserved 1048576K
}

