# JRE version: OpenJDK Runtime Environment (17.0.15+6) (build 17.0.15+6-Ubuntu-0ubuntu124.04)
# Java VM: OpenJDK 64-Bit Server VM (17.0.15+6-Ubuntu-0ubuntu124.04, mixed mode, sharing, tiered, compressed oops, compressed class ptrs, g1 gc, linux-amd64)
GC Precious Log:
 CPUs: 12 total, 12 available
 Memory: 15387M
 Large Page Support: Disabled
 NUMA Support: Disabled
 Compressed Oops: Enabled (Zero based)
 Heap Region Size: 2M
 Heap Min Capacity: 8M
 Heap Initial Capacity: 242M
 Heap Max Capacity: 3848M
 Pre-touch: Disabled
 Parallel Workers: 10
 Concurrent Workers: 3
 Concurrent Refinement Workers: 10
 Periodic GC: Disabled
Heap:
 garbage-first heap   total 55296K, used 31897K [0x000000070f800000, 0x0000000800000000)
  region size 2048K, 7 young (14336K), 1 survivors (2048K)
 Metaspace       used 27453K, committed 27776K, reserved 1114112K
  class space    used 3789K, committed 3968K, reserved 1048576K
GC Heap History (8 events):
Event: 0.858 GC heap before
{Heap before GC invocations=0 (full 0):
 garbage-first heap   total 251904K, used 24500K [0x000000070f800000, 0x0000000800000000)
  region size 2048K, 11 young (22528K), 0 survivors (0K)
 Metaspace       used 7987K, committed 8192K, reserved 1114112K
  class space    used 961K, committed 1024K, reserved 1048576K
}
Event: 0.863 GC heap after
{Heap after GC invocations=1 (full 0):
 garbage-first heap   total 251904K, used 5748K [0x000000070f800000, 0x0000000800000000)
  region size 2048K, 2 young (4096K), 2 survivors (4096K)
 Metaspace       used 7987K, committed 8192K, reserved 1114112K
  class space    used 961K, committed 1024K, reserved 1048576K
}
Event: 2.246 GC heap before
{Heap before GC invocations=1 (full 0):
 garbage-first heap   total 251904K, used 48756K [0x000000070f800000, 0x0000000800000000)
  region size 2048K, 24 young (49152K), 2 survivors (4096K)
 Metaspace       used 21241K, committed 21504K, reserved 1114112K
  class space    used 2914K, committed 3072K, reserved 1048576K
}
Event: 2.257 GC heap after
{Heap after GC invocations=2 (full 0):
 garbage-first heap   total 251904K, used 10274K [0x000000070f800000, 0x0000000800000000)
  region size 2048K, 4 young (8192K), 4 survivors (8192K)
 Metaspace       used 21241K, committed 21504K, reserved 1114112K
  class space    used 2914K, committed 3072K, reserved 1048576K
}
Event: 11.228 GC heap before
{Heap before GC invocations=3 (full 0):
 garbage-first heap   total 55296K, used 36898K [0x000000070f800000, 0x0000000800000000)
  region size 2048K, 13 young (26624K), 4 survivors (8192K)
 Metaspace       used 25637K, committed 25920K, reserved 1114112K
  class space    used 3439K, committed 3584K, reserved 1048576K
}
Event: 11.246 GC heap after
{Heap after GC invocations=4 (full 0):
 garbage-first heap   total 55296K, used 23443K [0x000000070f800000, 0x0000000800000000)
  region size 2048K, 2 young (4096K), 2 survivors (4096K)
 Metaspace       used 25637K, committed 25920K, reserved 1114112K
  class space    used 3439K, committed 3584K, reserved 1048576K
}
Event: 11.324 GC heap before
{Heap before GC invocations=4 (full 0):
 garbage-first heap   total 55296K, used 25491K [0x000000070f800000, 0x0000000800000000)
  region size 2048K, 3 young (6144K), 2 survivors (4096K)
 Metaspace       used 26057K, committed 26304K, reserved 1114112K
  class space    used 3526K, committed 3648K, reserved 1048576K
}
Event: 11.327 GC heap after
{Heap after GC invocations=5 (full 0):
 garbage-first heap   total 55296K, used 23705K [0x000000070f800000, 0x0000000800000000)
  region size 2048K, 1 young (2048K), 1 survivors (2048K)
 Metaspace       used 26057K, committed 26304K, reserved 1114112K
  class space    used 3526K, committed 3648K, reserved 1048576K
}

