# JRE version: OpenJDK Runtime Environment (17.0.15+6) (build 17.0.15+6-Ubuntu-0ubuntu124.04)
# Java VM: OpenJDK 64-Bit Server VM (17.0.15+6-Ubuntu-0ubuntu124.04, mixed mode, sharing, tiered, compressed oops, compressed class ptrs, g1 gc, linux-amd64)
GC Precious Log:
 CPUs: 12 total, 12 available
 Memory: 15387M
 Large Page Support: Disabled
 NUMA Support: Disabled
 Compressed Oops: Enabled (Zero based)
 Heap Region Size: 2M
 Heap Min Capacity: 8M
 Heap Initial Capacity: 242M
 Heap Max Capacity: 3848M
 Pre-touch: Disabled
 Parallel Workers: 10
 Concurrent Workers: 3
 Concurrent Refinement Workers: 10
 Periodic GC: Disabled
Heap:
 garbage-first heap   total 55296K, used 33927K [0x000000070f800000, 0x0000000800000000)
  region size 2048K, 7 young (14336K), 1 survivors (2048K)
 Metaspace       used 27485K, committed 27776K, reserved 1114112K
  class space    used 3787K, committed 3904K, reserved 1048576K
GC Heap History (8 events):
Event: 0.637 GC heap before
{Heap before GC invocations=0 (full 0):
 garbage-first heap   total 251904K, used 24500K [0x000000070f800000, 0x0000000800000000)
  region size 2048K, 11 young (22528K), 0 survivors (0K)
 Metaspace       used 8196K, committed 8384K, reserved 1114112K
  class space    used 983K, committed 1088K, reserved 1048576K
}
Event: 0.641 GC heap after
{Heap after GC invocations=1 (full 0):
 garbage-first heap   total 251904K, used 5832K [0x000000070f800000, 0x0000000800000000)
  region size 2048K, 2 young (4096K), 2 survivors (4096K)
 Metaspace       used 8196K, committed 8384K, reserved 1114112K
  class space    used 983K, committed 1088K, reserved 1048576K
}
Event: 1.605 GC heap before
{Heap before GC invocations=1 (full 0):
 garbage-first heap   total 251904K, used 44744K [0x000000070f800000, 0x0000000800000000)
  region size 2048K, 23 young (47104K), 2 survivors (4096K)
 Metaspace       used 21292K, committed 21504K, reserved 1114112K
  class space    used 2927K, committed 3008K, reserved 1048576K
}
Event: 1.613 GC heap after
{Heap after GC invocations=2 (full 0):
 garbage-first heap   total 251904K, used 10336K [0x000000070f800000, 0x0000000800000000)
  region size 2048K, 4 young (8192K), 4 survivors (8192K)
 Metaspace       used 21292K, committed 21504K, reserved 1114112K
  class space    used 2927K, committed 3008K, reserved 1048576K
}
Event: 9.622 GC heap before
{Heap before GC invocations=3 (full 0):
 garbage-first heap   total 55296K, used 36960K [0x000000070f800000, 0x0000000800000000)
  region size 2048K, 13 young (26624K), 4 survivors (8192K)
 Metaspace       used 25753K, committed 26048K, reserved 1114112K
  class space    used 3457K, committed 3584K, reserved 1048576K
}
Event: 9.632 GC heap after
{Heap after GC invocations=4 (full 0):
 garbage-first heap   total 55296K, used 23426K [0x000000070f800000, 0x0000000800000000)
  region size 2048K, 2 young (4096K), 2 survivors (4096K)
 Metaspace       used 25753K, committed 26048K, reserved 1114112K
  class space    used 3457K, committed 3584K, reserved 1048576K
}
Event: 9.691 GC heap before
{Heap before GC invocations=4 (full 0):
 garbage-first heap   total 55296K, used 25474K [0x000000070f800000, 0x0000000800000000)
  region size 2048K, 3 young (6144K), 2 survivors (4096K)
 Metaspace       used 26179K, committed 26368K, reserved 1114112K
  class space    used 3547K, committed 3648K, reserved 1048576K
}
Event: 9.693 GC heap after
{Heap after GC invocations=5 (full 0):
 garbage-first heap   total 55296K, used 23687K [0x000000070f800000, 0x0000000800000000)
  region size 2048K, 1 young (2048K), 1 survivors (2048K)
 Metaspace       used 26179K, committed 26368K, reserved 1114112K
  class space    used 3547K, committed 3648K, reserved 1048576K
}

