# JRE version: OpenJDK Runtime Environment (17.0.15+6) (build 17.0.15+6-Ubuntu-0ubuntu124.04)
# Java VM: OpenJDK 64-Bit Server VM (17.0.15+6-Ubuntu-0ubuntu124.04, mixed mode, sharing, tiered, compressed oops, compressed class ptrs, g1 gc, linux-amd64)
GC Precious Log:
 CPUs: 12 total, 12 available
 Memory: 15387M
 Large Page Support: Disabled
 NUMA Support: Disabled
 Compressed Oops: Enabled (Zero based)
 Heap Region Size: 2M
 Heap Min Capacity: 8M
 Heap Initial Capacity: 242M
 Heap Max Capacity: 3848M
 Pre-touch: Disabled
 Parallel Workers: 10
 Concurrent Workers: 3
 Concurrent Refinement Workers: 10
 Periodic GC: Disabled
Heap:
 garbage-first heap   total 55296K, used 34846K [0x000000070f800000, 0x0000000800000000)
  region size 2048K, 6 young (12288K), 1 survivors (2048K)
 Metaspace       used 27965K, committed 28224K, reserved 1114112K
  class space    used 3817K, committed 3968K, reserved 1048576K
GC Heap History (10 events):
Event: 0.990 GC heap before
{Heap before GC invocations=0 (full 0):
 garbage-first heap   total 251904K, used 24500K [0x000000070f800000, 0x0000000800000000)
  region size 2048K, 11 young (22528K), 0 survivors (0K)
 Metaspace       used 8325K, committed 8640K, reserved 1114112K
  class space    used 997K, committed 1152K, reserved 1048576K
}
Event: 0.997 GC heap after
{Heap after GC invocations=1 (full 0):
 garbage-first heap   total 251904K, used 5868K [0x000000070f800000, 0x0000000800000000)
  region size 2048K, 2 young (4096K), 2 survivors (4096K)
 Metaspace       used 8325K, committed 8640K, reserved 1114112K
  class space    used 997K, committed 1152K, reserved 1048576K
}
Event: 2.724 GC heap before
{Heap before GC invocations=1 (full 0):
 garbage-first heap   total 251904K, used 42732K [0x000000070f800000, 0x0000000800000000)
  region size 2048K, 21 young (43008K), 2 survivors (4096K)
 Metaspace       used 21276K, committed 21504K, reserved 1114112K
  class space    used 2674K, committed 2816K, reserved 1048576K
}
Event: 2.736 GC heap after
{Heap after GC invocations=2 (full 0):
 garbage-first heap   total 251904K, used 10405K [0x000000070f800000, 0x0000000800000000)
  region size 2048K, 3 young (6144K), 3 survivors (6144K)
 Metaspace       used 21276K, committed 21504K, reserved 1114112K
  class space    used 2674K, committed 2816K, reserved 1048576K
}
Event: 10.509 GC heap before
{Heap before GC invocations=3 (full 0):
 garbage-first heap   total 55296K, used 39077K [0x000000070f800000, 0x0000000800000000)
  region size 2048K, 13 young (26624K), 3 survivors (6144K)
 Metaspace       used 25568K, committed 25856K, reserved 1114112K
  class space    used 3394K, committed 3520K, reserved 1048576K
}
Event: 10.517 GC heap after
{Heap after GC invocations=4 (full 0):
 garbage-first heap   total 55296K, used 23865K [0x000000070f800000, 0x0000000800000000)
  region size 2048K, 2 young (4096K), 2 survivors (4096K)
 Metaspace       used 25568K, committed 25856K, reserved 1114112K
  class space    used 3394K, committed 3520K, reserved 1048576K
}
Event: 10.587 GC heap before
{Heap before GC invocations=4 (full 0):
 garbage-first heap   total 55296K, used 25913K [0x000000070f800000, 0x0000000800000000)
  region size 2048K, 3 young (6144K), 2 survivors (4096K)
 Metaspace       used 26028K, committed 26304K, reserved 1114112K
  class space    used 3474K, committed 3648K, reserved 1048576K
}
Event: 10.593 GC heap after
{Heap after GC invocations=5 (full 0):
 garbage-first heap   total 55296K, used 24161K [0x000000070f800000, 0x0000000800000000)
  region size 2048K, 1 young (2048K), 1 survivors (2048K)
 Metaspace       used 26028K, committed 26304K, reserved 1114112K
  class space    used 3474K, committed 3648K, reserved 1048576K
}
Event: 10.912 GC heap before
{Heap before GC invocations=5 (full 0):
 garbage-first heap   total 55296K, used 34401K [0x000000070f800000, 0x0000000800000000)
  region size 2048K, 6 young (12288K), 1 survivors (2048K)
 Metaspace       used 27221K, committed 27584K, reserved 1114112K
  class space    used 3707K, committed 3904K, reserved 1048576K
}
Event: 10.917 GC heap after
{Heap after GC invocations=6 (full 0):
 garbage-first heap   total 55296K, used 26654K [0x000000070f800000, 0x0000000800000000)
  region size 2048K, 1 young (2048K), 1 survivors (2048K)
 Metaspace       used 27221K, committed 27584K, reserved 1114112K
  class space    used 3707K, committed 3904K, reserved 1048576K
}

