# JRE version: OpenJDK Runtime Environment (17.0.15+6) (build 17.0.15+6-Ubuntu-0ubuntu124.04)
# Java VM: OpenJDK 64-Bit Server VM (17.0.15+6-Ubuntu-0ubuntu124.04, mixed mode, sharing, tiered, compressed oops, compressed class ptrs, g1 gc, linux-amd64)
GC Precious Log:
 CPUs: 12 total, 12 available
 Memory: 15387M
 Large Page Support: Disabled
 NUMA Support: Disabled
 Compressed Oops: Enabled (Zero based)
 Heap Region Size: 2M
 Heap Min Capacity: 8M
 Heap Initial Capacity: 242M
 Heap Max Capacity: 3848M
 Pre-touch: Disabled
 Parallel Workers: 10
 Concurrent Workers: 3
 Concurrent Refinement Workers: 10
 Periodic GC: Disabled
Heap:
 garbage-first heap   total 55296K, used 28435K [0x000000070f800000, 0x0000000800000000)
  region size 2048K, 2 young (4096K), 1 survivors (2048K)
 Metaspace       used 27550K, committed 27840K, reserved 1114112K
  class space    used 3792K, committed 3904K, reserved 1048576K
GC Heap History (10 events):
Event: 1.161 GC heap before
{Heap before GC invocations=0 (full 0):
 garbage-first heap   total 251904K, used 24500K [0x000000070f800000, 0x0000000800000000)
  region size 2048K, 11 young (22528K), 0 survivors (0K)
 Metaspace       used 8229K, committed 8512K, reserved 1114112K
  class space    used 961K, committed 1088K, reserved 1048576K
}
Event: 1.168 GC heap after
{Heap after GC invocations=1 (full 0):
 garbage-first heap   total 251904K, used 6100K [0x000000070f800000, 0x0000000800000000)
  region size 2048K, 2 young (4096K), 2 survivors (4096K)
 Metaspace       used 8229K, committed 8512K, reserved 1114112K
  class space    used 961K, committed 1088K, reserved 1048576K
}
Event: 2.475 GC heap before
{Heap before GC invocations=1 (full 0):
 garbage-first heap   total 251904K, used 47060K [0x000000070f800000, 0x0000000800000000)
  region size 2048K, 23 young (47104K), 2 survivors (4096K)
 Metaspace       used 21278K, committed 21504K, reserved 1114112K
  class space    used 2923K, committed 3008K, reserved 1048576K
}
Event: 2.482 GC heap after
{Heap after GC invocations=2 (full 0):
 garbage-first heap   total 251904K, used 10663K [0x000000070f800000, 0x0000000800000000)
  region size 2048K, 3 young (6144K), 3 survivors (6144K)
 Metaspace       used 21278K, committed 21504K, reserved 1114112K
  class space    used 2923K, committed 3008K, reserved 1048576K
}
Event: 9.322 GC heap before
{Heap before GC invocations=3 (full 0):
 garbage-first heap   total 55296K, used 39335K [0x000000070f800000, 0x0000000800000000)
  region size 2048K, 13 young (26624K), 3 survivors (6144K)
 Metaspace       used 26307K, committed 26560K, reserved 1114112K
  class space    used 3586K, committed 3712K, reserved 1048576K
}
Event: 9.333 GC heap after
{Heap after GC invocations=4 (full 0):
 garbage-first heap   total 55296K, used 23880K [0x000000070f800000, 0x0000000800000000)
  region size 2048K, 2 young (4096K), 2 survivors (4096K)
 Metaspace       used 26307K, committed 26560K, reserved 1114112K
  class space    used 3586K, committed 3712K, reserved 1048576K
}
Event: 9.392 GC heap before
{Heap before GC invocations=4 (full 0):
 garbage-first heap   total 55296K, used 25928K [0x000000070f800000, 0x0000000800000000)
  region size 2048K, 3 young (6144K), 2 survivors (4096K)
 Metaspace       used 26701K, committed 26944K, reserved 1114112K
  class space    used 3676K, committed 3776K, reserved 1048576K
}
Event: 9.397 GC heap after
{Heap after GC invocations=5 (full 0):
 garbage-first heap   total 55296K, used 24229K [0x000000070f800000, 0x0000000800000000)
  region size 2048K, 1 young (2048K), 1 survivors (2048K)
 Metaspace       used 26701K, committed 26944K, reserved 1114112K
  class space    used 3676K, committed 3776K, reserved 1048576K
}
Event: 9.742 GC heap before
{Heap before GC invocations=5 (full 0):
 garbage-first heap   total 55296K, used 36517K [0x000000070f800000, 0x0000000800000000)
  region size 2048K, 7 young (14336K), 1 survivors (2048K)
 Metaspace       used 27427K, committed 27648K, reserved 1114112K
  class space    used 3786K, committed 3904K, reserved 1048576K
}
Event: 9.748 GC heap after
{Heap after GC invocations=6 (full 0):
 garbage-first heap   total 55296K, used 28435K [0x000000070f800000, 0x0000000800000000)
  region size 2048K, 1 young (2048K), 1 survivors (2048K)
 Metaspace       used 27427K, committed 27648K, reserved 1114112K
  class space    used 3786K, committed 3904K, reserved 1048576K
}

